Vivado Simulator 2018.2
Copyright 1986-1999, 2001-2018 Xilinx, Inc. All Rights Reserved.
Running: C:/Xilinx/Vivado/2018.2/bin/unwrapped/win64.o/xelab.exe -wto 9e448ba1d27646e78f79cf59cf834898 --incr --debug typical --relax --mt 2 --maxdelay -L xil_defaultlib -L simprims_ver -L secureip --snapshot testbench_top_time_impl -transport_int_delays -pulse_r 0 -pulse_int_r 0 -pulse_e 0 -pulse_int_e 0 xil_defaultlib.testbench_top xil_defaultlib.glbl -log elaborate.log 
Using 2 slave threads.
Starting static elaboration
Completed static elaboration
Starting simulation data flow analysis
Completed simulation data flow analysis
Time Resolution for simulation is 1ps
Compiling module simprims_ver.LUT4
Compiling module simprims_ver.x_lut2_mux4
Compiling module simprims_ver.LUT2
Compiling module simprims_ver.FDRE(XON="FALSE")
Compiling module simprims_ver.LUT5
Compiling module simprims_ver.x_lut3_mux8
Compiling module simprims_ver.LUT3
Compiling module simprims_ver.LUT6
Compiling module simprims_ver.FDRE_default
Compiling module xil_defaultlib.fifo_x_xpm_cdc_gray
Compiling module xil_defaultlib.fifo_x_xpm_cdc_gray__1
Compiling module xil_defaultlib.fifo_x_clk_x_pntrs
Compiling module simprims_ver.FDPE_default
Compiling module simprims_ver.FDCE_default
Compiling module xil_defaultlib.fifo_x_rd_fwft
Compiling module simprims_ver.CARRY4
Compiling module xil_defaultlib.fifo_x_compare_1
Compiling module xil_defaultlib.fifo_x_compare_2
Compiling module xil_defaultlib.fifo_x_rd_status_flags_as
Compiling module simprims_ver.x_lut1_mux2
Compiling module simprims_ver.LUT1
Compiling module xil_defaultlib.fifo_x_rd_bin_cntr
Compiling module xil_defaultlib.fifo_x_rd_logic
Compiling module xil_defaultlib.fifo_x_wr_pf_as
Compiling module xil_defaultlib.fifo_x_compare
Compiling module xil_defaultlib.fifo_x_compare_0
Compiling module xil_defaultlib.fifo_x_wr_status_flags_as
Compiling module xil_defaultlib.fifo_x_wr_bin_cntr
Compiling module xil_defaultlib.fifo_x_wr_logic
Compiling module simprims_ver.RB18_INTERNAL_VLOG(READ_WIDTH_A=...
Compiling module simprims_ver.RAMB18E1(IS_RSTRAMB_INVERTED=1'b...
Compiling module xil_defaultlib.fifo_x_blk_mem_gen_prim_wrapper
Compiling module xil_defaultlib.fifo_x_blk_mem_gen_prim_width
Compiling module xil_defaultlib.fifo_x_blk_mem_gen_generic_cstr
Compiling module xil_defaultlib.fifo_x_blk_mem_gen_top
Compiling module xil_defaultlib.fifo_x_blk_mem_gen_v8_4_1_synth
Compiling module xil_defaultlib.fifo_x_blk_mem_gen_v8_4_1
Compiling module xil_defaultlib.fifo_x_memory
Compiling module xil_defaultlib.fifo_x_fifo_generator_ramfifo
Compiling module xil_defaultlib.fifo_x_fifo_generator_top
Compiling module xil_defaultlib.fifo_x_fifo_generator_v13_2_2_sy...
Compiling module xil_defaultlib.fifo_x_fifo_generator_v13_2_2
Compiling module xil_defaultlib.fifo_x
Compiling module xil_defaultlib.ipsend
Compiling module xil_defaultlib.crc
Compiling module xil_defaultlib.udp
Compiling module xil_defaultlib.ila_0_bindec
Compiling module simprims_ver.MUXF8
Compiling module simprims_ver.MUXF7
Compiling module xil_defaultlib.ila_0_blk_mem_gen_mux__parameter...
Compiling module simprims_ver.RB36_INTERNAL_VLOG(DOA_REG=1,DOB...
Compiling module simprims_ver.RAMB36E1(DOA_REG=1,DOB_REG=1,REA...
Compiling module xil_defaultlib.ila_0_blk_mem_gen_prim_wrapper
Compiling module xil_defaultlib.ila_0_blk_mem_gen_prim_width
Compiling module xil_defaultlib.ila_0_blk_mem_gen_prim_wrapper__...
Compiling module xil_defaultlib.ila_0_blk_mem_gen_prim_width__pa...
Compiling module xil_defaultlib.ila_0_blk_mem_gen_prim_wrapper__...
Compiling module xil_defaultlib.ila_0_blk_mem_gen_prim_width__pa...
Compiling module xil_defaultlib.ila_0_blk_mem_gen_prim_wrapper__...
Compiling module xil_defaultlib.ila_0_blk_mem_gen_prim_width__pa...
Compiling module xil_defaultlib.ila_0_blk_mem_gen_prim_wrapper__...
Compiling module xil_defaultlib.ila_0_blk_mem_gen_prim_width__pa...
Compiling module xil_defaultlib.ila_0_blk_mem_gen_prim_wrapper__...
Compiling module xil_defaultlib.ila_0_blk_mem_gen_prim_width__pa...
Compiling module xil_defaultlib.ila_0_blk_mem_gen_prim_wrapper__...
Compiling module xil_defaultlib.ila_0_blk_mem_gen_prim_width__pa...
Compiling module simprims_ver.RB36_INTERNAL_VLOG(DOA_REG=1,DOB...
Compiling module simprims_ver.RAMB36E1(DOA_REG=1,DOB_REG=1,RAM...
Compiling module simprims_ver.RB36_INTERNAL_VLOG(DOA_REG=1,DOB...
Compiling module simprims_ver.RAMB36E1(DOA_REG=1,DOB_REG=1,RAM...
Compiling module xil_defaultlib.ila_0_blk_mem_gen_prim_wrapper__...
Compiling module xil_defaultlib.ila_0_blk_mem_gen_prim_width__pa...
Compiling module xil_defaultlib.ila_0_blk_mem_gen_prim_wrapper__...
Compiling module xil_defaultlib.ila_0_blk_mem_gen_prim_width__pa...
Compiling module xil_defaultlib.ila_0_blk_mem_gen_prim_wrapper__...
Compiling module xil_defaultlib.ila_0_blk_mem_gen_prim_width__pa...
Compiling module xil_defaultlib.ila_0_blk_mem_gen_prim_wrapper__...
Compiling module xil_defaultlib.ila_0_blk_mem_gen_prim_width__pa...
Compiling module xil_defaultlib.ila_0_blk_mem_gen_prim_wrapper__...
Compiling module xil_defaultlib.ila_0_blk_mem_gen_prim_width__pa...
Compiling module xil_defaultlib.ila_0_blk_mem_gen_prim_wrapper__...
Compiling module xil_defaultlib.ila_0_blk_mem_gen_prim_width__pa...
Compiling module xil_defaultlib.ila_0_blk_mem_gen_prim_wrapper__...
Compiling module xil_defaultlib.ila_0_blk_mem_gen_prim_width__pa...
Compiling module xil_defaultlib.ila_0_blk_mem_gen_prim_wrapper__...
Compiling module xil_defaultlib.ila_0_blk_mem_gen_prim_width__pa...
Compiling module xil_defaultlib.ila_0_blk_mem_gen_prim_wrapper__...
Compiling module xil_defaultlib.ila_0_blk_mem_gen_prim_width__pa...
Compiling module xil_defaultlib.ila_0_blk_mem_gen_prim_wrapper__...
Compiling module xil_defaultlib.ila_0_blk_mem_gen_prim_width__pa...
Compiling module xil_defaultlib.ila_0_blk_mem_gen_prim_wrapper__...
Compiling module xil_defaultlib.ila_0_blk_mem_gen_prim_width__pa...
Compiling module xil_defaultlib.ila_0_blk_mem_gen_prim_wrapper__...
Compiling module xil_defaultlib.ila_0_blk_mem_gen_prim_width__pa...
Compiling module xil_defaultlib.ila_0_blk_mem_gen_prim_wrapper__...
Compiling module xil_defaultlib.ila_0_blk_mem_gen_prim_width__pa...
Compiling module xil_defaultlib.ila_0_blk_mem_gen_prim_wrapper__...
Compiling module xil_defaultlib.ila_0_blk_mem_gen_prim_width__pa...
Compiling module xil_defaultlib.ila_0_blk_mem_gen_generic_cstr
Compiling module xil_defaultlib.ila_0_blk_mem_gen_top
Compiling module xil_defaultlib.ila_0_blk_mem_gen_v8_3_6_synth
Compiling module xil_defaultlib.ila_0_blk_mem_gen_v8_3_6
Compiling module xil_defaultlib.ila_0_ila_v6_2_7_ila_trace_memor...
Compiling module simprims_ver.SRL16E_default
Compiling module simprims_ver.SRLC32E_default
Compiling module xil_defaultlib.ila_0_ltlib_v1_0_0_cfglut6__para...
Compiling module xil_defaultlib.ila_0_ltlib_v1_0_0_cfglut7
Compiling module xil_defaultlib.ila_0_ltlib_v1_0_0_cfglut7_27
Compiling module xil_defaultlib.ila_0_ltlib_v1_0_0_cfglut6
Compiling module simprims_ver.SRLC16E_default
Compiling module xil_defaultlib.ila_0_ltlib_v1_0_0_cfglut4_34
Compiling module xil_defaultlib.ila_0_ltlib_v1_0_0_cfglut5_35
Compiling module xil_defaultlib.ila_0_ltlib_v1_0_0_cfglut6_36
Compiling module xil_defaultlib.CFGLUT5_UNIQ_BASE_
Compiling module xil_defaultlib.CFGLUT5_HD6
Compiling module xil_defaultlib.CFGLUT5_HD7
Compiling module xil_defaultlib.CFGLUT5_HD8
Compiling module xil_defaultlib.ila_0_ltlib_v1_0_0_all_typeA_sli...
Compiling module xil_defaultlib.CFGLUT5_HD9
Compiling module xil_defaultlib.CFGLUT5_HD10
Compiling module xil_defaultlib.CFGLUT5_HD11
Compiling module xil_defaultlib.CFGLUT5_HD12
Compiling module xil_defaultlib.ila_0_ltlib_v1_0_0_all_typeA_sli...
Compiling module xil_defaultlib.ila_0_ltlib_v1_0_0_all_typeA__pa...
Compiling module xil_defaultlib.ila_0_ltlib_v1_0_0_allx_typeA_no...
Compiling module xil_defaultlib.ila_0_ltlib_v1_0_0_match_nodelay...
Compiling module xil_defaultlib.ila_0_ila_v6_2_7_ila_cap_sample_...
Compiling module xil_defaultlib.ila_0_ltlib_v1_0_0_cfglut4
Compiling module xil_defaultlib.ila_0_ltlib_v1_0_0_cfglut5
Compiling module xil_defaultlib.ila_0_ltlib_v1_0_0_cfglut5_28
Compiling module xil_defaultlib.CFGLUT5_HD13
Compiling module xil_defaultlib.CFGLUT5_HD14
Compiling module xil_defaultlib.CFGLUT5_HD15
Compiling module xil_defaultlib.CFGLUT5_HD16
Compiling module xil_defaultlib.ila_0_ltlib_v1_0_0_all_typeA_sli...
Compiling module xil_defaultlib.CFGLUT5_HD17
Compiling module xil_defaultlib.CFGLUT5_HD18
Compiling module xil_defaultlib.CFGLUT5_HD19
Compiling module xil_defaultlib.CFGLUT5_HD20
Compiling module xil_defaultlib.ila_0_ltlib_v1_0_0_all_typeA_sli...
Compiling module xil_defaultlib.ila_0_ltlib_v1_0_0_all_typeA__pa...
Compiling module xil_defaultlib.ila_0_ltlib_v1_0_0_allx_typeA_no...
Compiling module xil_defaultlib.ila_0_ltlib_v1_0_0_match_nodelay
Compiling module xil_defaultlib.CFGLUT5_HD21
Compiling module xil_defaultlib.CFGLUT5_HD22
Compiling module xil_defaultlib.CFGLUT5_HD23
Compiling module xil_defaultlib.CFGLUT5_HD24
Compiling module xil_defaultlib.ila_0_ltlib_v1_0_0_all_typeA_sli...
Compiling module xil_defaultlib.CFGLUT5_HD25
Compiling module xil_defaultlib.CFGLUT5_HD26
Compiling module xil_defaultlib.CFGLUT5_HD27
Compiling module xil_defaultlib.CFGLUT5_HD28
Compiling module xil_defaultlib.ila_0_ltlib_v1_0_0_all_typeA_sli...
Compiling module xil_defaultlib.ila_0_ltlib_v1_0_0_all_typeA__pa...
Compiling module xil_defaultlib.ila_0_ltlib_v1_0_0_allx_typeA_no...
Compiling module xil_defaultlib.ila_0_ltlib_v1_0_0_match_nodelay...
Compiling module xil_defaultlib.ila_0_ila_v6_2_7_ila_cap_window_...
Compiling module xil_defaultlib.ila_0_ila_v6_2_7_ila_cap_addrgen
Compiling module xil_defaultlib.ila_0_ila_v6_2_7_ila_cap_ctrl_le...
Compiling module xil_defaultlib.ila_0_xsdbs_v1_0_2_reg_p2s
Compiling module xil_defaultlib.ila_0_xsdbs_v1_0_2_reg_p2s__para...
Compiling module xil_defaultlib.ila_0_xsdbs_v1_0_2_reg_p2s__para...
Compiling module xil_defaultlib.ila_0_xsdbs_v1_0_2_reg_p2s__para...
Compiling module simprims_ver.FDRE(INIT=1'b1)
Compiling module xil_defaultlib.ila_0_xsdbs_v1_0_2_xsdbs
Compiling module simprims_ver.FDSE_default
Compiling module xil_defaultlib.ila_0_xsdbs_v1_0_2_reg_ctl_25
Compiling module xil_defaultlib.ila_0_xsdbs_v1_0_2_reg__paramete...
Compiling module xil_defaultlib.ila_0_xsdbs_v1_0_2_reg_ctl_24
Compiling module xil_defaultlib.ila_0_xsdbs_v1_0_2_reg__paramete...
Compiling module xil_defaultlib.ila_0_xsdbs_v1_0_2_reg_ctl_23
Compiling module xil_defaultlib.ila_0_xsdbs_v1_0_2_reg__paramete...
Compiling module xil_defaultlib.ila_0_xsdbs_v1_0_2_reg_ctl_22
Compiling module xil_defaultlib.ila_0_xsdbs_v1_0_2_reg__paramete...
Compiling module xil_defaultlib.ila_0_xsdbs_v1_0_2_reg_ctl_21
Compiling module xil_defaultlib.ila_0_xsdbs_v1_0_2_reg__paramete...
Compiling module xil_defaultlib.ila_0_xsdbs_v1_0_2_reg_ctl__para...
Compiling module xil_defaultlib.ila_0_xsdbs_v1_0_2_reg__paramete...
Compiling module xil_defaultlib.ila_0_xsdbs_v1_0_2_reg_ctl_19
Compiling module xil_defaultlib.ila_0_xsdbs_v1_0_2_reg__paramete...
Compiling module xil_defaultlib.ila_0_xsdbs_v1_0_2_reg_ctl__para...
Compiling module xil_defaultlib.ila_0_xsdbs_v1_0_2_reg__paramete...
Compiling module xil_defaultlib.ila_0_xsdbs_v1_0_2_reg_stat_18
Compiling module xil_defaultlib.ila_0_xsdbs_v1_0_2_reg__paramete...
Compiling module xil_defaultlib.ila_0_xsdbs_v1_0_2_reg_ctl__para...
Compiling module xil_defaultlib.ila_0_xsdbs_v1_0_2_reg__paramete...
Compiling module xil_defaultlib.ila_0_xsdbs_v1_0_2_reg_ctl_16
Compiling module xil_defaultlib.ila_0_xsdbs_v1_0_2_reg__paramete...
Compiling module xil_defaultlib.ila_0_xsdbs_v1_0_2_reg_ctl__para...
Compiling module xil_defaultlib.ila_0_xsdbs_v1_0_2_reg__paramete...
Compiling module xil_defaultlib.ila_0_xsdbs_v1_0_2_reg_ctl_15
Compiling module xil_defaultlib.ila_0_xsdbs_v1_0_2_reg__paramete...
Compiling module xil_defaultlib.ila_0_xsdbs_v1_0_2_reg_ctl_14
Compiling module xil_defaultlib.ila_0_xsdbs_v1_0_2_reg__paramete...
Compiling module xil_defaultlib.ila_0_xsdbs_v1_0_2_reg_ctl_13
Compiling module xil_defaultlib.ila_0_xsdbs_v1_0_2_reg__paramete...
Compiling module xil_defaultlib.ila_0_xsdbs_v1_0_2_reg_stat_12
Compiling module xil_defaultlib.ila_0_xsdbs_v1_0_2_reg__paramete...
Compiling module xil_defaultlib.ila_0_xsdbs_v1_0_2_reg_stat_11
Compiling module xil_defaultlib.ila_0_xsdbs_v1_0_2_reg__paramete...
Compiling module simprims_ver.GND
Compiling module xil_defaultlib.ila_0_xsdbs_v1_0_2_reg_stat_26
Compiling module xil_defaultlib.ila_0_xsdbs_v1_0_2_reg__paramete...
Compiling module xil_defaultlib.ila_0_xsdbs_v1_0_2_reg_stat_10
Compiling module xil_defaultlib.ila_0_xsdbs_v1_0_2_reg__paramete...
Compiling module xil_defaultlib.ila_0_xsdbs_v1_0_2_reg_p2s__para...
Compiling module xil_defaultlib.ila_0_xsdbs_v1_0_2_reg_ctl
Compiling module xil_defaultlib.ila_0_xsdbs_v1_0_2_reg_stream
Compiling module xil_defaultlib.ila_0_xsdbs_v1_0_2_reg_stat
Compiling module xil_defaultlib.ila_0_xsdbs_v1_0_2_reg_stream__p...
Compiling module xil_defaultlib.ila_0_ila_v6_2_7_ila_register
Compiling module xil_defaultlib.ila_0_ltlib_v1_0_0_rising_edge_d...
Compiling module xil_defaultlib.ila_0_ltlib_v1_0_0_async_edge_xf...
Compiling module xil_defaultlib.ila_0_ltlib_v1_0_0_async_edge_xf...
Compiling module xil_defaultlib.ila_0_ltlib_v1_0_0_async_edge_xf...
Compiling module xil_defaultlib.ila_0_ltlib_v1_0_0_async_edge_xf...
Compiling module xil_defaultlib.ila_0_ltlib_v1_0_0_rising_edge_d...
Compiling module xil_defaultlib.ila_0_ila_v6_2_7_ila_reset_ctrl
Compiling module xil_defaultlib.CFGLUT5_HD29
Compiling module xil_defaultlib.CFGLUT5_HD30
Compiling module xil_defaultlib.CFGLUT5_HD31
Compiling module xil_defaultlib.CFGLUT5_HD32
Compiling module xil_defaultlib.ila_0_ltlib_v1_0_0_all_typeA_sli...
Compiling module xil_defaultlib.ila_0_ltlib_v1_0_0_all_typeA_4
Compiling module xil_defaultlib.ila_0_ltlib_v1_0_0_allx_typeA
Compiling module xil_defaultlib.ila_0_ltlib_v1_0_0_match
Compiling module xil_defaultlib.CFGLUT5_HD33
Compiling module xil_defaultlib.CFGLUT5_HD34
Compiling module xil_defaultlib.CFGLUT5_HD35
Compiling module xil_defaultlib.CFGLUT5_HD36
Compiling module xil_defaultlib.ila_0_ltlib_v1_0_0_all_typeA_sli...
Compiling module xil_defaultlib.ila_0_ltlib_v1_0_0_all_typeA_2
Compiling module xil_defaultlib.ila_0_ltlib_v1_0_0_allx_typeA__p...
Compiling module xil_defaultlib.ila_0_ltlib_v1_0_0_match__parame...
Compiling module xil_defaultlib.CFGLUT5_HD37
Compiling module xil_defaultlib.CFGLUT5_HD38
Compiling module xil_defaultlib.CFGLUT5_HD39
Compiling module xil_defaultlib.CFGLUT5_HD40
Compiling module xil_defaultlib.ila_0_ltlib_v1_0_0_all_typeA_sli...
Compiling module xil_defaultlib.ila_0_ltlib_v1_0_0_all_typeA_0
Compiling module xil_defaultlib.ila_0_ltlib_v1_0_0_allx_typeA__p...
Compiling module xil_defaultlib.ila_0_ltlib_v1_0_0_match__parame...
Compiling module xil_defaultlib.CFGLUT5_HD41
Compiling module xil_defaultlib.CFGLUT5_HD42
Compiling module xil_defaultlib.CFGLUT5_HD43
Compiling module xil_defaultlib.CFGLUT5_HD44
Compiling module xil_defaultlib.ila_0_ltlib_v1_0_0_all_typeA_sli...
Compiling module xil_defaultlib.ila_0_ltlib_v1_0_0_all_typeA
Compiling module xil_defaultlib.ila_0_ltlib_v1_0_0_allx_typeA__p...
Compiling module xil_defaultlib.ila_0_ltlib_v1_0_0_match__parame...
Compiling module xil_defaultlib.ila_0_ila_v6_2_7_ila_trig_match
Compiling module xil_defaultlib.ila_0_ila_v6_2_7_ila_trigger
Compiling module xil_defaultlib.ila_0_ltlib_v1_0_0_generic_memrd
Compiling module xil_defaultlib.ila_0_ila_v6_2_7_ila_core
Compiling module xil_defaultlib.ila_0_ila_v6_2_7_ila
Compiling module xil_defaultlib.ila_0
Compiling module xil_defaultlib.ethernet_port
Compiling module xil_defaultlib.testbench_top
Compiling module xil_defaultlib.glbl
Built simulation snapshot testbench_top_time_impl
