#-----------------------------------------------------------
# Vivado v2018.2 (64-bit)
# SW Build 2258646 on Thu Jun 14 20:03:12 MDT 2018
# IP Build 2256618 on Thu Jun 14 22:10:49 MDT 2018
# Start of session at: Tue Mar  5 23:16:49 2019
# Process ID: 2752
# Current directory: C:/Users/ZZ/Documents/Xilinx_Ethernet_1G_ZZ
# Command line: vivado.exe -gui_launcher_event rodinguilauncherevent7056 C:\Users\ZZ\Documents\Xilinx_Ethernet_1G_ZZ\Ethernet_1G_ZZ.xpr
# Log file: C:/Users/ZZ/Documents/Xilinx_Ethernet_1G_ZZ/vivado.log
# Journal file: C:/Users/ZZ/Documents/Xilinx_Ethernet_1G_ZZ\vivado.jou
#-----------------------------------------------------------
start_gui
open_project C:/Users/ZZ/Documents/Xilinx_Ethernet_1G_ZZ/Ethernet_1G_ZZ.xpr
Scanning sources...
Finished scanning sources
INFO: [IP_Flow 19-234] Refreshing IP repositories
INFO: [IP_Flow 19-1704] No user IP repositories specified
INFO: [IP_Flow 19-2313] Loaded Vivado IP repository 'C:/Xilinx/Vivado/2018.2/data/ip'.
open_project: Time (s): cpu = 00:00:16 ; elapsed = 00:00:08 . Memory (MB): peak = 873.637 ; gain = 123.035
update_compile_order -fileset sources_1
set_property -dict [list CONFIG.Fifo_Implementation {Independent_Clocks_Block_RAM} CONFIG.Enable_Reset_Synchronization {false} CONFIG.Full_Flags_Reset_Value {0} CONFIG.Full_Threshold_Assert_Value {1001} CONFIG.Full_Threshold_Negate_Value {1000} CONFIG.Enable_Safety_Circuit {false}] [get_ips fifo_x]
generate_target all [get_files  C:/Users/ZZ/Documents/Xilinx_Ethernet_1G_ZZ/Ethernet_1G_ZZ.srcs/sources_1/ip/fifo_x/fifo_x.xci]
INFO: [IP_Flow 19-1686] Generating 'Instantiation Template' target for IP 'fifo_x'...
INFO: [IP_Flow 19-1686] Generating 'Synthesis' target for IP 'fifo_x'...
INFO: [IP_Flow 19-1686] Generating 'Simulation' target for IP 'fifo_x'...
INFO: [IP_Flow 19-1686] Generating 'Change Log' target for IP 'fifo_x'...
catch { config_ip_cache -export [get_ips -all fifo_x] }
export_ip_user_files -of_objects [get_files C:/Users/ZZ/Documents/Xilinx_Ethernet_1G_ZZ/Ethernet_1G_ZZ.srcs/sources_1/ip/fifo_x/fifo_x.xci] -no_script -sync -force -quiet
reset_run fifo_x_synth_1
launch_runs -jobs 4 fifo_x_synth_1
[Tue Mar  5 23:19:18 2019] Launched fifo_x_synth_1...
Run output will be captured here: C:/Users/ZZ/Documents/Xilinx_Ethernet_1G_ZZ/Ethernet_1G_ZZ.runs/fifo_x_synth_1/runme.log
export_simulation -of_objects [get_files C:/Users/ZZ/Documents/Xilinx_Ethernet_1G_ZZ/Ethernet_1G_ZZ.srcs/sources_1/ip/fifo_x/fifo_x.xci] -directory C:/Users/ZZ/Documents/Xilinx_Ethernet_1G_ZZ/Ethernet_1G_ZZ.ip_user_files/sim_scripts -ip_user_files_dir C:/Users/ZZ/Documents/Xilinx_Ethernet_1G_ZZ/Ethernet_1G_ZZ.ip_user_files -ipstatic_source_dir C:/Users/ZZ/Documents/Xilinx_Ethernet_1G_ZZ/Ethernet_1G_ZZ.ip_user_files/ipstatic -lib_map_path [list {modelsim=C:/Users/ZZ/Documents/Xilinx_Ethernet_1G_ZZ/Ethernet_1G_ZZ.cache/compile_simlib/modelsim} {questa=C:/Users/ZZ/Documents/Xilinx_Ethernet_1G_ZZ/Ethernet_1G_ZZ.cache/compile_simlib/questa} {riviera=C:/Users/ZZ/Documents/Xilinx_Ethernet_1G_ZZ/Ethernet_1G_ZZ.cache/compile_simlib/riviera} {activehdl=C:/Users/ZZ/Documents/Xilinx_Ethernet_1G_ZZ/Ethernet_1G_ZZ.cache/compile_simlib/activehdl}] -use_ip_compiled_libs -force -quiet
launch_simulation
INFO: [Vivado 12-5698] Checking validity of IPs in the design for the 'XSim' simulator...
INFO: [Vivado 12-5682] Launching behavioral simulation in 'C:/Users/ZZ/Documents/Xilinx_Ethernet_1G_ZZ/Ethernet_1G_ZZ.sim/sim_1/behav/xsim'
INFO: [Vivado 12-4795] Using compiled simulation libraries for IPs
INFO: [SIM-utils-51] Simulation object is 'sim_1'
INFO: [USF-XSim-7] Finding pre-compiled libraries...
INFO: [USF-XSim-11] File 'C:/Xilinx/Vivado/2018.2/data/xsim/xsim.ini' copied to run dir:'C:/Users/ZZ/Documents/Xilinx_Ethernet_1G_ZZ/Ethernet_1G_ZZ.sim/sim_1/behav/xsim'
INFO: [SIM-utils-54] Inspecting design source files for 'testbench_top' in fileset 'sim_1'...
INFO: [USF-XSim-97] Finding global include files...
INFO: [USF-XSim-98] Fetching design files from 'sim_1'...
INFO: [USF-XSim-2] XSim::Compile design
INFO: [USF-XSim-61] Executing 'COMPILE and ANALYZE' step in 'C:/Users/ZZ/Documents/Xilinx_Ethernet_1G_ZZ/Ethernet_1G_ZZ.sim/sim_1/behav/xsim'
"xvlog --incr --relax -prj testbench_top_vlog.prj"
INFO: [VRFC 10-2263] Analyzing Verilog file "C:/Users/ZZ/Documents/Xilinx_Ethernet_1G_ZZ/Ethernet_1G_ZZ.srcs/sources_1/ip/fifo_x/sim/fifo_x.v" into library xil_defaultlib
INFO: [VRFC 10-311] analyzing module fifo_x
INFO: [VRFC 10-2263] Analyzing Verilog file "C:/Users/ZZ/Documents/Xilinx_Ethernet_1G_ZZ/Ethernet_1G_ZZ.srcs/sources_1/new/crc.v" into library xil_defaultlib
INFO: [VRFC 10-311] analyzing module crc
INFO: [VRFC 10-2263] Analyzing Verilog file "C:/Users/ZZ/Documents/Xilinx_Ethernet_1G_ZZ/Ethernet_1G_ZZ.srcs/sources_1/new/ethernet_port.v" into library xil_defaultlib
INFO: [VRFC 10-311] analyzing module ethernet_port
INFO: [VRFC 10-2263] Analyzing Verilog file "C:/Users/ZZ/Documents/Xilinx_Ethernet_1G_ZZ/Ethernet_1G_ZZ.srcs/sources_1/new/ipsend.v" into library xil_defaultlib
INFO: [VRFC 10-311] analyzing module ipsend
INFO: [VRFC 10-2263] Analyzing Verilog file "C:/Users/ZZ/Documents/Xilinx_Ethernet_1G_ZZ/Ethernet_1G_ZZ.srcs/sources_1/new/udp.v" into library xil_defaultlib
INFO: [VRFC 10-311] analyzing module udp
INFO: [VRFC 10-2263] Analyzing Verilog file "C:/Users/ZZ/Documents/Xilinx_Ethernet_1G_ZZ/Ethernet_1G_ZZ.srcs/sim_1/new/testbench_top.v" into library xil_defaultlib
INFO: [VRFC 10-311] analyzing module testbench_top
"xvhdl --incr --relax -prj testbench_top_vhdl.prj"
INFO: [USF-XSim-69] 'compile' step finished in '3' seconds
INFO: [USF-XSim-3] XSim::Elaborate design
INFO: [USF-XSim-61] Executing 'ELABORATE' step in 'C:/Users/ZZ/Documents/Xilinx_Ethernet_1G_ZZ/Ethernet_1G_ZZ.sim/sim_1/behav/xsim'
Vivado Simulator 2018.2
Copyright 1986-1999, 2001-2018 Xilinx, Inc. All Rights Reserved.
Running: C:/Xilinx/Vivado/2018.2/bin/unwrapped/win64.o/xelab.exe -wto 9e448ba1d27646e78f79cf59cf834898 --incr --debug typical --relax --mt 2 -L fifo_generator_v13_2_2 -L xil_defaultlib -L unisims_ver -L unimacro_ver -L secureip -L xpm --snapshot testbench_top_behav xil_defaultlib.testbench_top xil_defaultlib.glbl -log elaborate.log 
Using 2 slave threads.
Starting static elaboration
Completed static elaboration
Starting simulation data flow analysis
Completed simulation data flow analysis
Time Resolution for simulation is 1ps
Compiling module fifo_generator_v13_2_2.fifo_generator_v13_2_2_sync_stag...
Compiling module fifo_generator_v13_2_2.fifo_generator_v13_2_2_bhv_ver_a...
Compiling module fifo_generator_v13_2_2.fifo_generator_v13_2_2_bhv_ver_p...
Compiling module fifo_generator_v13_2_2.fifo_generator_v13_2_2_CONV_VER(...
Compiling module fifo_generator_v13_2_2.fifo_generator_vlog_beh(C_DATA_C...
Compiling module fifo_generator_v13_2_2.fifo_generator_v13_2_2(C_DATA_CO...
Compiling module xil_defaultlib.fifo_x
Compiling module xil_defaultlib.ipsend
Compiling module xil_defaultlib.crc
Compiling module xil_defaultlib.udp
Compiling module xil_defaultlib.ethernet_port
Compiling module xil_defaultlib.testbench_top
Compiling module xil_defaultlib.glbl
Built simulation snapshot testbench_top_behav
INFO: [USF-XSim-69] 'elaborate' step finished in '3' seconds
INFO: [USF-XSim-4] XSim::Simulate design
INFO: [USF-XSim-61] Executing 'SIMULATE' step in 'C:/Users/ZZ/Documents/Xilinx_Ethernet_1G_ZZ/Ethernet_1G_ZZ.sim/sim_1/behav/xsim'
INFO: [USF-XSim-98] *** Running xsim
   with args "testbench_top_behav -key {Behavioral:sim_1:Functional:testbench_top} -tclbatch {testbench_top.tcl} -view {C:/Users/ZZ/Documents/Xilinx_Ethernet_1G_ZZ/testbench_top_behav.wcfg} -log {simulate.log}"
INFO: [USF-XSim-8] Loading simulator feature
Vivado Simulator 2018.2
Time resolution is 1 ps
open_wave_config C:/Users/ZZ/Documents/Xilinx_Ethernet_1G_ZZ/testbench_top_behav.wcfg
source testbench_top.tcl
# set curr_wave [current_wave_config]
# if { [string length $curr_wave] == 0 } {
#   if { [llength [get_objects]] > 0} {
#     add_wave /
#     set_property needs_save false [current_wave_config]
#   } else {
#      send_msg_id Add_Wave-1 WARNING "No top level signals found. Simulator will start without a wave window. If you want to open a wave window go to 'File->New Waveform Configuration' or type 'create_wave_config' in the TCL console."
#   }
# }
# run 1000ns
WARNING: Behavioral models for independent clock FIFO configurations do not model synchronization delays. The behavioral models are functionally correct, and will represent the behavior of the configured FIFO. See the FIFO Generator User Guide for more information.
INFO: [USF-XSim-96] XSim completed. Design snapshot 'testbench_top_behav' loaded.
INFO: [USF-XSim-97] XSim simulation ran for 1000ns
launch_simulation: Time (s): cpu = 00:00:06 ; elapsed = 00:00:10 . Memory (MB): peak = 951.293 ; gain = 4.129
run 100 us
run 100 us
reset_run synth_1
WARNING: [Vivado 12-1017] Problems encountered:
1. Failed to delete one or more files in run directory C:/Users/ZZ/Documents/Xilinx_Ethernet_1G_ZZ/Ethernet_1G_ZZ.runs/synth_1

launch_runs impl_1 -to_step write_bitstream -jobs 4
[Tue Mar  5 23:20:15 2019] Launched fifo_x_synth_1, synth_1...
Run output will be captured here:
fifo_x_synth_1: C:/Users/ZZ/Documents/Xilinx_Ethernet_1G_ZZ/Ethernet_1G_ZZ.runs/fifo_x_synth_1/runme.log
synth_1: C:/Users/ZZ/Documents/Xilinx_Ethernet_1G_ZZ/Ethernet_1G_ZZ.runs/synth_1/runme.log
[Tue Mar  5 23:20:15 2019] Launched impl_1...
Run output will be captured here: C:/Users/ZZ/Documents/Xilinx_Ethernet_1G_ZZ/Ethernet_1G_ZZ.runs/impl_1/runme.log
reset_run synth_1
WARNING: [Vivado 12-1017] Problems encountered:
1. Failed to delete one or more files in run directory C:/Users/ZZ/Documents/Xilinx_Ethernet_1G_ZZ/Ethernet_1G_ZZ.runs/synth_1

launch_runs impl_1 -to_step write_bitstream -jobs 4
[Tue Mar  5 23:21:43 2019] Launched synth_1...
Run output will be captured here: C:/Users/ZZ/Documents/Xilinx_Ethernet_1G_ZZ/Ethernet_1G_ZZ.runs/synth_1/runme.log
[Tue Mar  5 23:21:43 2019] Launched impl_1...
Run output will be captured here: C:/Users/ZZ/Documents/Xilinx_Ethernet_1G_ZZ/Ethernet_1G_ZZ.runs/impl_1/runme.log
relaunch_sim
INFO: [Vivado 12-5698] Checking validity of IPs in the design for the 'XSim' simulator...
INFO: [Vivado 12-5682] Launching behavioral simulation in 'C:/Users/ZZ/Documents/Xilinx_Ethernet_1G_ZZ/Ethernet_1G_ZZ.sim/sim_1/behav/xsim'
INFO: [Vivado 12-4795] Using compiled simulation libraries for IPs
INFO: [SIM-utils-51] Simulation object is 'sim_1'
INFO: [USF-XSim-7] Finding pre-compiled libraries...
INFO: [USF-XSim-11] File 'C:/Xilinx/Vivado/2018.2/data/xsim/xsim.ini' copied to run dir:'C:/Users/ZZ/Documents/Xilinx_Ethernet_1G_ZZ/Ethernet_1G_ZZ.sim/sim_1/behav/xsim'
INFO: [SIM-utils-54] Inspecting design source files for 'testbench_top' in fileset 'sim_1'...
INFO: [USF-XSim-97] Finding global include files...
INFO: [USF-XSim-98] Fetching design files from 'sim_1'...
INFO: [USF-XSim-2] XSim::Compile design
INFO: [USF-XSim-61] Executing 'COMPILE and ANALYZE' step in 'C:/Users/ZZ/Documents/Xilinx_Ethernet_1G_ZZ/Ethernet_1G_ZZ.sim/sim_1/behav/xsim'
"xvlog --incr --relax -prj testbench_top_vlog.prj"
"xvhdl --incr --relax -prj testbench_top_vhdl.prj"
INFO: [USF-XSim-69] 'compile' step finished in '3' seconds
INFO: [Vivado 12-5698] Checking validity of IPs in the design for the 'XSim' simulator...
INFO: [Vivado 12-5682] Launching behavioral simulation in 'C:/Users/ZZ/Documents/Xilinx_Ethernet_1G_ZZ/Ethernet_1G_ZZ.sim/sim_1/behav/xsim'
INFO: [Vivado 12-4795] Using compiled simulation libraries for IPs
INFO: [USF-XSim-3] XSim::Elaborate design
INFO: [USF-XSim-61] Executing 'ELABORATE' step in 'C:/Users/ZZ/Documents/Xilinx_Ethernet_1G_ZZ/Ethernet_1G_ZZ.sim/sim_1/behav/xsim'
Vivado Simulator 2018.2
Copyright 1986-1999, 2001-2018 Xilinx, Inc. All Rights Reserved.
Running: C:/Xilinx/Vivado/2018.2/bin/unwrapped/win64.o/xelab.exe -wto 9e448ba1d27646e78f79cf59cf834898 --incr --debug typical --relax --mt 2 -L fifo_generator_v13_2_2 -L xil_defaultlib -L unisims_ver -L unimacro_ver -L secureip -L xpm --snapshot testbench_top_behav xil_defaultlib.testbench_top xil_defaultlib.glbl -log elaborate.log 
Using 2 slave threads.
Starting static elaboration
Completed static elaboration
INFO: [XSIM 43-4323] No Change in HDL. Linking previously generated obj files to create kernel
INFO: [USF-XSim-69] 'elaborate' step finished in '2' seconds
Vivado Simulator 2018.2
Time resolution is 1 ps
WARNING: Behavioral models for independent clock FIFO configurations do not model synchronization delays. The behavioral models are functionally correct, and will represent the behavior of the configured FIFO. See the FIFO Generator User Guide for more information.
relaunch_sim: Time (s): cpu = 00:00:03 ; elapsed = 00:00:08 . Memory (MB): peak = 980.473 ; gain = 0.000
run 100 us
run 100 us
close_sim
INFO: [Simtcl 6-16] Simulation closed
close_sim: Time (s): cpu = 00:00:00 ; elapsed = 00:00:07 . Memory (MB): peak = 985.563 ; gain = 0.000
launch_simulation
INFO: [Vivado 12-5698] Checking validity of IPs in the design for the 'XSim' simulator...
INFO: [Vivado 12-5682] Launching behavioral simulation in 'C:/Users/ZZ/Documents/Xilinx_Ethernet_1G_ZZ/Ethernet_1G_ZZ.sim/sim_1/behav/xsim'
INFO: [Vivado 12-4795] Using compiled simulation libraries for IPs
INFO: [SIM-utils-51] Simulation object is 'sim_1'
INFO: [USF-XSim-7] Finding pre-compiled libraries...
INFO: [USF-XSim-11] File 'C:/Xilinx/Vivado/2018.2/data/xsim/xsim.ini' copied to run dir:'C:/Users/ZZ/Documents/Xilinx_Ethernet_1G_ZZ/Ethernet_1G_ZZ.sim/sim_1/behav/xsim'
INFO: [SIM-utils-54] Inspecting design source files for 'testbench_top' in fileset 'sim_1'...
INFO: [USF-XSim-97] Finding global include files...
INFO: [USF-XSim-98] Fetching design files from 'sim_1'...
INFO: [USF-XSim-2] XSim::Compile design
INFO: [USF-XSim-61] Executing 'COMPILE and ANALYZE' step in 'C:/Users/ZZ/Documents/Xilinx_Ethernet_1G_ZZ/Ethernet_1G_ZZ.sim/sim_1/behav/xsim'
"xvlog --incr --relax -prj testbench_top_vlog.prj"
INFO: [VRFC 10-2263] Analyzing Verilog file "C:/Users/ZZ/Documents/Xilinx_Ethernet_1G_ZZ/Ethernet_1G_ZZ.srcs/sources_1/ip/fifo_x/sim/fifo_x.v" into library xil_defaultlib
INFO: [VRFC 10-311] analyzing module fifo_x
INFO: [VRFC 10-2263] Analyzing Verilog file "C:/Users/ZZ/Documents/Xilinx_Ethernet_1G_ZZ/Ethernet_1G_ZZ.srcs/sources_1/new/crc.v" into library xil_defaultlib
INFO: [VRFC 10-311] analyzing module crc
INFO: [VRFC 10-2263] Analyzing Verilog file "C:/Users/ZZ/Documents/Xilinx_Ethernet_1G_ZZ/Ethernet_1G_ZZ.srcs/sources_1/new/ethernet_port.v" into library xil_defaultlib
INFO: [VRFC 10-311] analyzing module ethernet_port
INFO: [VRFC 10-2458] undeclared symbol fifo_rd_clk_en, assumed default net type wire [C:/Users/ZZ/Documents/Xilinx_Ethernet_1G_ZZ/Ethernet_1G_ZZ.srcs/sources_1/new/ethernet_port.v:70]
INFO: [VRFC 10-2263] Analyzing Verilog file "C:/Users/ZZ/Documents/Xilinx_Ethernet_1G_ZZ/Ethernet_1G_ZZ.srcs/sources_1/new/ipsend.v" into library xil_defaultlib
INFO: [VRFC 10-311] analyzing module ipsend
INFO: [VRFC 10-2263] Analyzing Verilog file "C:/Users/ZZ/Documents/Xilinx_Ethernet_1G_ZZ/Ethernet_1G_ZZ.srcs/sources_1/new/udp.v" into library xil_defaultlib
INFO: [VRFC 10-311] analyzing module udp
INFO: [VRFC 10-2263] Analyzing Verilog file "C:/Users/ZZ/Documents/Xilinx_Ethernet_1G_ZZ/Ethernet_1G_ZZ.srcs/sim_1/new/testbench_top.v" into library xil_defaultlib
INFO: [VRFC 10-311] analyzing module testbench_top
"xvhdl --incr --relax -prj testbench_top_vhdl.prj"
INFO: [USF-XSim-69] 'compile' step finished in '3' seconds
INFO: [USF-XSim-3] XSim::Elaborate design
INFO: [USF-XSim-61] Executing 'ELABORATE' step in 'C:/Users/ZZ/Documents/Xilinx_Ethernet_1G_ZZ/Ethernet_1G_ZZ.sim/sim_1/behav/xsim'
Vivado Simulator 2018.2
Copyright 1986-1999, 2001-2018 Xilinx, Inc. All Rights Reserved.
Running: C:/Xilinx/Vivado/2018.2/bin/unwrapped/win64.o/xelab.exe -wto 9e448ba1d27646e78f79cf59cf834898 --incr --debug typical --relax --mt 2 -L fifo_generator_v13_2_2 -L xil_defaultlib -L unisims_ver -L unimacro_ver -L secureip -L xpm --snapshot testbench_top_behav xil_defaultlib.testbench_top xil_defaultlib.glbl -log elaborate.log 
Using 2 slave threads.
Starting static elaboration
Completed static elaboration
Starting simulation data flow analysis
Completed simulation data flow analysis
Time Resolution for simulation is 1ps
Compiling module fifo_generator_v13_2_2.fifo_generator_v13_2_2_sync_stag...
Compiling module fifo_generator_v13_2_2.fifo_generator_v13_2_2_bhv_ver_a...
Compiling module fifo_generator_v13_2_2.fifo_generator_v13_2_2_bhv_ver_p...
Compiling module fifo_generator_v13_2_2.fifo_generator_v13_2_2_CONV_VER(...
Compiling module fifo_generator_v13_2_2.fifo_generator_vlog_beh(C_DATA_C...
Compiling module fifo_generator_v13_2_2.fifo_generator_v13_2_2(C_DATA_CO...
Compiling module xil_defaultlib.fifo_x
Compiling module xil_defaultlib.ipsend
Compiling module xil_defaultlib.crc
Compiling module xil_defaultlib.udp
Compiling module xil_defaultlib.ethernet_port
Compiling module xil_defaultlib.testbench_top
Compiling module xil_defaultlib.glbl
Built simulation snapshot testbench_top_behav

****** Webtalk v2018.2 (64-bit)
  **** SW Build 2258646 on Thu Jun 14 20:03:12 MDT 2018
  **** IP Build 2256618 on Thu Jun 14 22:10:49 MDT 2018
    ** Copyright 1986-2018 Xilinx, Inc. All Rights Reserved.

source C:/Users/ZZ/Documents/Xilinx_Ethernet_1G_ZZ/Ethernet_1G_ZZ.sim/sim_1/behav/xsim/xsim.dir/testbench_top_behav/webtalk/xsim_webtalk.tcl -notrace
INFO: [Common 17-186] 'C:/Users/ZZ/Documents/Xilinx_Ethernet_1G_ZZ/Ethernet_1G_ZZ.sim/sim_1/behav/xsim/xsim.dir/testbench_top_behav/webtalk/usage_statistics_ext_xsim.xml' has been successfully sent to Xilinx on Wed Mar  6 12:45:24 2019. For additional details about this file, please refer to the WebTalk help file at C:/Xilinx/Vivado/2018.2/doc/webtalk_introduction.html.
INFO: [Common 17-206] Exiting Webtalk at Wed Mar  6 12:45:24 2019...
run_program: Time (s): cpu = 00:00:00 ; elapsed = 00:00:08 . Memory (MB): peak = 988.559 ; gain = 0.000
INFO: [USF-XSim-69] 'elaborate' step finished in '8' seconds
INFO: [USF-XSim-4] XSim::Simulate design
INFO: [USF-XSim-61] Executing 'SIMULATE' step in 'C:/Users/ZZ/Documents/Xilinx_Ethernet_1G_ZZ/Ethernet_1G_ZZ.sim/sim_1/behav/xsim'
INFO: [USF-XSim-98] *** Running xsim
   with args "testbench_top_behav -key {Behavioral:sim_1:Functional:testbench_top} -tclbatch {testbench_top.tcl} -view {C:/Users/ZZ/Documents/Xilinx_Ethernet_1G_ZZ/testbench_top_behav.wcfg} -log {simulate.log}"
INFO: [USF-XSim-8] Loading simulator feature
Vivado Simulator 2018.2
Time resolution is 1 ps
open_wave_config C:/Users/ZZ/Documents/Xilinx_Ethernet_1G_ZZ/testbench_top_behav.wcfg
source testbench_top.tcl
# set curr_wave [current_wave_config]
# if { [string length $curr_wave] == 0 } {
#   if { [llength [get_objects]] > 0} {
#     add_wave /
#     set_property needs_save false [current_wave_config]
#   } else {
#      send_msg_id Add_Wave-1 WARNING "No top level signals found. Simulator will start without a wave window. If you want to open a wave window go to 'File->New Waveform Configuration' or type 'create_wave_config' in the TCL console."
#   }
# }
# run 1000ns
WARNING: Behavioral models for independent clock FIFO configurations do not model synchronization delays. The behavioral models are functionally correct, and will represent the behavior of the configured FIFO. See the FIFO Generator User Guide for more information.
INFO: [USF-XSim-96] XSim completed. Design snapshot 'testbench_top_behav' loaded.
INFO: [USF-XSim-97] XSim simulation ran for 1000ns
launch_simulation: Time (s): cpu = 00:00:05 ; elapsed = 00:00:15 . Memory (MB): peak = 990.539 ; gain = 4.977
run 100 us
relaunch_sim
INFO: [Vivado 12-5698] Checking validity of IPs in the design for the 'XSim' simulator...
INFO: [Vivado 12-5682] Launching behavioral simulation in 'C:/Users/ZZ/Documents/Xilinx_Ethernet_1G_ZZ/Ethernet_1G_ZZ.sim/sim_1/behav/xsim'
INFO: [Vivado 12-4795] Using compiled simulation libraries for IPs
INFO: [SIM-utils-51] Simulation object is 'sim_1'
INFO: [USF-XSim-7] Finding pre-compiled libraries...
INFO: [USF-XSim-11] File 'C:/Xilinx/Vivado/2018.2/data/xsim/xsim.ini' copied to run dir:'C:/Users/ZZ/Documents/Xilinx_Ethernet_1G_ZZ/Ethernet_1G_ZZ.sim/sim_1/behav/xsim'
INFO: [SIM-utils-54] Inspecting design source files for 'testbench_top' in fileset 'sim_1'...
INFO: [USF-XSim-97] Finding global include files...
INFO: [USF-XSim-98] Fetching design files from 'sim_1'...
INFO: [USF-XSim-2] XSim::Compile design
INFO: [USF-XSim-61] Executing 'COMPILE and ANALYZE' step in 'C:/Users/ZZ/Documents/Xilinx_Ethernet_1G_ZZ/Ethernet_1G_ZZ.sim/sim_1/behav/xsim'
"xvlog --incr --relax -prj testbench_top_vlog.prj"
INFO: [VRFC 10-2263] Analyzing Verilog file "C:/Users/ZZ/Documents/Xilinx_Ethernet_1G_ZZ/Ethernet_1G_ZZ.srcs/sources_1/ip/fifo_x/sim/fifo_x.v" into library xil_defaultlib
INFO: [VRFC 10-311] analyzing module fifo_x
INFO: [VRFC 10-2263] Analyzing Verilog file "C:/Users/ZZ/Documents/Xilinx_Ethernet_1G_ZZ/Ethernet_1G_ZZ.srcs/sources_1/new/crc.v" into library xil_defaultlib
INFO: [VRFC 10-311] analyzing module crc
INFO: [VRFC 10-2263] Analyzing Verilog file "C:/Users/ZZ/Documents/Xilinx_Ethernet_1G_ZZ/Ethernet_1G_ZZ.srcs/sources_1/new/ethernet_port.v" into library xil_defaultlib
INFO: [VRFC 10-311] analyzing module ethernet_port
INFO: [VRFC 10-2263] Analyzing Verilog file "C:/Users/ZZ/Documents/Xilinx_Ethernet_1G_ZZ/Ethernet_1G_ZZ.srcs/sources_1/new/ipsend.v" into library xil_defaultlib
INFO: [VRFC 10-311] analyzing module ipsend
INFO: [VRFC 10-2263] Analyzing Verilog file "C:/Users/ZZ/Documents/Xilinx_Ethernet_1G_ZZ/Ethernet_1G_ZZ.srcs/sources_1/new/udp.v" into library xil_defaultlib
INFO: [VRFC 10-311] analyzing module udp
INFO: [VRFC 10-2263] Analyzing Verilog file "C:/Users/ZZ/Documents/Xilinx_Ethernet_1G_ZZ/Ethernet_1G_ZZ.srcs/sim_1/new/testbench_top.v" into library xil_defaultlib
INFO: [VRFC 10-311] analyzing module testbench_top
"xvhdl --incr --relax -prj testbench_top_vhdl.prj"
INFO: [USF-XSim-69] 'compile' step finished in '3' seconds
INFO: [Vivado 12-5698] Checking validity of IPs in the design for the 'XSim' simulator...
INFO: [Vivado 12-5682] Launching behavioral simulation in 'C:/Users/ZZ/Documents/Xilinx_Ethernet_1G_ZZ/Ethernet_1G_ZZ.sim/sim_1/behav/xsim'
INFO: [Vivado 12-4795] Using compiled simulation libraries for IPs
INFO: [USF-XSim-3] XSim::Elaborate design
INFO: [USF-XSim-61] Executing 'ELABORATE' step in 'C:/Users/ZZ/Documents/Xilinx_Ethernet_1G_ZZ/Ethernet_1G_ZZ.sim/sim_1/behav/xsim'
Vivado Simulator 2018.2
Copyright 1986-1999, 2001-2018 Xilinx, Inc. All Rights Reserved.
Running: C:/Xilinx/Vivado/2018.2/bin/unwrapped/win64.o/xelab.exe -wto 9e448ba1d27646e78f79cf59cf834898 --incr --debug typical --relax --mt 2 -L fifo_generator_v13_2_2 -L xil_defaultlib -L unisims_ver -L unimacro_ver -L secureip -L xpm --snapshot testbench_top_behav xil_defaultlib.testbench_top xil_defaultlib.glbl -log elaborate.log 
Using 2 slave threads.
Starting static elaboration
Completed static elaboration
Starting simulation data flow analysis
Completed simulation data flow analysis
Time Resolution for simulation is 1ps
Compiling module fifo_generator_v13_2_2.fifo_generator_v13_2_2_sync_stag...
Compiling module fifo_generator_v13_2_2.fifo_generator_v13_2_2_bhv_ver_a...
Compiling module fifo_generator_v13_2_2.fifo_generator_v13_2_2_bhv_ver_p...
Compiling module fifo_generator_v13_2_2.fifo_generator_v13_2_2_CONV_VER(...
Compiling module fifo_generator_v13_2_2.fifo_generator_vlog_beh(C_DATA_C...
Compiling module fifo_generator_v13_2_2.fifo_generator_v13_2_2(C_DATA_CO...
Compiling module xil_defaultlib.fifo_x
Compiling module xil_defaultlib.ipsend
Compiling module xil_defaultlib.crc
Compiling module xil_defaultlib.udp
Compiling module xil_defaultlib.ethernet_port
Compiling module xil_defaultlib.testbench_top
Compiling module xil_defaultlib.glbl
Built simulation snapshot testbench_top_behav
INFO: [USF-XSim-69] 'elaborate' step finished in '3' seconds
Vivado Simulator 2018.2
Time resolution is 1 ps
WARNING: Behavioral models for independent clock FIFO configurations do not model synchronization delays. The behavioral models are functionally correct, and will represent the behavior of the configured FIFO. See the FIFO Generator User Guide for more information.
relaunch_sim: Time (s): cpu = 00:00:02 ; elapsed = 00:00:09 . Memory (MB): peak = 994.820 ; gain = 3.879
run 100 us
run 100 us
close_sim
INFO: [Simtcl 6-16] Simulation closed
exit
INFO: [Common 17-206] Exiting Vivado at Wed Mar  6 13:32:57 2019...
